# JRE version: Java(TM) SE Runtime Environment (21.0.7+8) (build 21.0.7+8-LTS-245)
# Java VM: Java HotSpot(TM) 64-Bit Server VM (21.0.7+8-LTS-245, mixed mode, sharing, tiered, compressed oops, compressed class ptrs, g1 gc, windows-amd64)
GC Precious Log:
 CardTable entry size: 512
 Card Set container configuration: InlinePtr #cards 5 size 8 Array Of Cards #cards 12 size 40 Howl #buckets 4 coarsen threshold 1843 Howl Bitmap #cards 512 size 80 coarsen threshold 460 Card regions per heap region 1 cards per card region 2048
 CPUs: 4 total, 4 available
 Memory: 7932M
 Large Page Support: Disabled
 NUMA Support: Disabled
 Compressed Oops: Enabled (32-bit)
 Heap Region Size: 1M
 Heap Min Capacity: 256M
 Heap Initial Capacity: 256M
 Heap Max Capacity: 512M
 Pre-touch: Disabled
 Parallel Workers: 4
 Concurrent Workers: 1
 Concurrent Refinement Workers: 4
 Periodic GC: Disabled
Heap:
 garbage-first heap   total 262144K, used 85857K [0x00000000e0000000, 0x0000000100000000)
  region size 1024K, 32 young (32768K), 20 survivors (20480K)
 Metaspace       used 74955K, committed 77120K, reserved 458752K
  class space    used 10319K, committed 11392K, reserved 327680K
GC Heap History (20 events):
Event: 1.229 GC heap before
{Heap before GC invocations=0 (full 0):
 garbage-first heap   total 262144K, used 12288K [0x00000000e0000000, 0x0000000100000000)
  region size 1024K, 13 young (13312K), 0 survivors (0K)
 Metaspace       used 828K, committed 960K, reserved 393216K
  class space    used 67K, committed 128K, reserved 327680K
}
Event: 1.237 GC heap after
{Heap after GC invocations=1 (full 0):
 garbage-first heap   total 262144K, used 1312K [0x00000000e0000000, 0x0000000100000000)
  region size 1024K, 2 young (2048K), 2 survivors (2048K)
 Metaspace       used 828K, committed 960K, reserved 393216K
  class space    used 67K, committed 128K, reserved 327680K
}
Event: 3.303 GC heap before
{Heap before GC invocations=1 (full 0):
 garbage-first heap   total 262144K, used 28960K [0x00000000e0000000, 0x0000000100000000)
  region size 1024K, 27 young (27648K), 2 survivors (2048K)
 Metaspace       used 3445K, committed 3648K, reserved 393216K
  class space    used 427K, committed 512K, reserved 327680K
}
Event: 3.310 GC heap after
{Heap after GC invocations=2 (full 0):
 garbage-first heap   total 262144K, used 10530K [0x00000000e0000000, 0x0000000100000000)
  region size 1024K, 4 young (4096K), 4 survivors (4096K)
 Metaspace       used 3445K, committed 3648K, reserved 393216K
  class space    used 427K, committed 512K, reserved 327680K
}
Event: 11.009 GC heap before
{Heap before GC invocations=2 (full 0):
 garbage-first heap   total 262144K, used 164130K [0x00000000e0000000, 0x0000000100000000)
  region size 1024K, 153 young (156672K), 4 survivors (4096K)
 Metaspace       used 19765K, committed 20352K, reserved 393216K
  class space    used 2803K, committed 3072K, reserved 327680K
}
Event: 11.029 GC heap after
{Heap after GC invocations=3 (full 0):
 garbage-first heap   total 262144K, used 22818K [0x00000000e0000000, 0x0000000100000000)
  region size 1024K, 15 young (15360K), 15 survivors (15360K)
 Metaspace       used 19765K, committed 20352K, reserved 393216K
  class space    used 2803K, committed 3072K, reserved 327680K
}
Event: 11.383 GC heap before
{Heap before GC invocations=3 (full 0):
 garbage-first heap   total 262144K, used 33058K [0x00000000e0000000, 0x0000000100000000)
  region size 1024K, 26 young (26624K), 15 survivors (15360K)
 Metaspace       used 20917K, committed 21504K, reserved 393216K
  class space    used 3000K, committed 3264K, reserved 327680K
}
Event: 11.398 GC heap after
{Heap after GC invocations=4 (full 0):
 garbage-first heap   total 262144K, used 24541K [0x00000000e0000000, 0x0000000100000000)
  region size 1024K, 2 young (2048K), 2 survivors (2048K)
 Metaspace       used 20917K, committed 21504K, reserved 393216K
  class space    used 3000K, committed 3264K, reserved 327680K
}
Event: 14.926 GC heap before
{Heap before GC invocations=5 (full 0):
 garbage-first heap   total 262144K, used 135133K [0x00000000e0000000, 0x0000000100000000)
  region size 1024K, 107 young (109568K), 2 survivors (2048K)
 Metaspace       used 35016K, committed 36096K, reserved 393216K
  class space    used 4790K, committed 5312K, reserved 327680K
}
Event: 14.940 GC heap after
{Heap after GC invocations=6 (full 0):
 garbage-first heap   total 262144K, used 32716K [0x00000000e0000000, 0x0000000100000000)
  region size 1024K, 10 young (10240K), 10 survivors (10240K)
 Metaspace       used 35016K, committed 36096K, reserved 393216K
  class space    used 4790K, committed 5312K, reserved 327680K
}
Event: 24.227 GC heap before
{Heap before GC invocations=7 (full 0):
 garbage-first heap   total 262144K, used 180172K [0x00000000e0000000, 0x0000000100000000)
  region size 1024K, 153 young (156672K), 10 survivors (10240K)
 Metaspace       used 50580K, committed 52288K, reserved 393216K
  class space    used 7131K, committed 8000K, reserved 327680K
}
Event: 24.253 GC heap after
{Heap after GC invocations=8 (full 0):
 garbage-first heap   total 262144K, used 40948K [0x00000000e0000000, 0x0000000100000000)
  region size 1024K, 18 young (18432K), 18 survivors (18432K)
 Metaspace       used 50580K, committed 52288K, reserved 393216K
  class space    used 7131K, committed 8000K, reserved 327680K
}
Event: 28.971 GC heap before
{Heap before GC invocations=8 (full 0):
 garbage-first heap   total 262144K, used 144372K [0x00000000e0000000, 0x0000000100000000)
  region size 1024K, 121 young (123904K), 18 survivors (18432K)
 Metaspace       used 58337K, committed 60288K, reserved 393216K
  class space    used 8201K, committed 9152K, reserved 327680K
}
Event: 29.005 GC heap after
{Heap after GC invocations=9 (full 0):
 garbage-first heap   total 262144K, used 50605K [0x00000000e0000000, 0x0000000100000000)
  region size 1024K, 19 young (19456K), 19 survivors (19456K)
 Metaspace       used 58337K, committed 60288K, reserved 393216K
  class space    used 8201K, committed 9152K, reserved 327680K
}
Event: 29.185 GC heap before
{Heap before GC invocations=9 (full 0):
 garbage-first heap   total 262144K, used 55725K [0x00000000e0000000, 0x0000000100000000)
  region size 1024K, 25 young (25600K), 19 survivors (19456K)
 Metaspace       used 58685K, committed 60608K, reserved 393216K
  class space    used 8244K, committed 9216K, reserved 327680K
}
Event: 29.211 GC heap after
{Heap after GC invocations=10 (full 0):
 garbage-first heap   total 262144K, used 52224K [0x00000000e0000000, 0x0000000100000000)
  region size 1024K, 11 young (11264K), 11 survivors (11264K)
 Metaspace       used 58685K, committed 60608K, reserved 393216K
  class space    used 8244K, committed 9216K, reserved 327680K
}
Event: 37.855 GC heap before
{Heap before GC invocations=11 (full 0):
 garbage-first heap   total 262144K, used 196608K [0x00000000e0000000, 0x0000000100000000)
  region size 1024K, 153 young (156672K), 11 survivors (11264K)
 Metaspace       used 64062K, committed 66240K, reserved 393216K
  class space    used 8967K, committed 10048K, reserved 327680K
}
Event: 37.888 GC heap after
{Heap after GC invocations=12 (full 0):
 garbage-first heap   total 262144K, used 58368K [0x00000000e0000000, 0x0000000100000000)
  region size 1024K, 17 young (17408K), 17 survivors (17408K)
 Metaspace       used 64062K, committed 66240K, reserved 393216K
  class space    used 8967K, committed 10048K, reserved 327680K
}
Event: 44.509 GC heap before
{Heap before GC invocations=12 (full 0):
 garbage-first heap   total 262144K, used 198656K [0x00000000e0000000, 0x0000000100000000)
  region size 1024K, 153 young (156672K), 17 survivors (17408K)
 Metaspace       used 74223K, committed 76416K, reserved 393216K
  class space    used 10198K, committed 11264K, reserved 327680K
}
Event: 44.562 GC heap after
{Heap after GC invocations=13 (full 0):
 garbage-first heap   total 262144K, used 74593K [0x00000000e0000000, 0x0000000100000000)
  region size 1024K, 20 young (20480K), 20 survivors (20480K)
 Metaspace       used 74223K, committed 76416K, reserved 393216K
  class space    used 10198K, committed 11264K, reserved 327680K
}

